----------------------------------------------------------------
Mon May 18 19:37:56 BRT 2020:
Booting Derby version The Apache Software Foundation - Apache Derby - 10.14.2.0 - (1828579): instance a816c00e-0172-29ef-bbad-000002993cd8 
on database directory E:\2020\5º Semestre\Matérias\Programação Orientada a Objeto II\LAB\03 - Atividade Continuada\Atividade-Continuada-02\Atividade3_Sergio_Vicente-183263\atividade_03\db183263 with class loader jdk.internal.loader.ClassLoaders$AppClassLoader@2626b418 
Loaded from file:/C:/Users/JHIBIY/.m2/repository/org/apache/derby/derby/10.14.2.0/derby-10.14.2.0.jar
java.vendor=Oracle Corporation
java.runtime.version=12.0.1+12
user.dir=e:\2020\5º Semestre\Matérias\Programação Orientada a Objeto II\LAB\03 - Atividade Continuada\Atividade-Continuada-02\Atividade3_Sergio_Vicente-183263\atividade_03
os.name=Windows 10
os.arch=amd64
os.version=10.0
derby.system.home=null
Database Class Loader started - derby.database.classpath=''
----------------------------------------------------------------
Mon May 18 19:55:41 BRT 2020:
Shutting down instance a816c00e-0172-29ef-bbad-000002993cd8 on database directory E:\2020\5º Semestre\Matérias\Programação Orientada a Objeto II\LAB\03 - Atividade Continuada\Atividade-Continuada-02\Atividade3_Sergio_Vicente-183263\atividade_03\db183263 with class loader jdk.internal.loader.ClassLoaders$AppClassLoader@2626b418 
Mon May 18 19:55:42 BRT 2020 Thread[Thread-203,5,main] Cleanup action starting
ERROR XBM0I: Directory db183263 cannot be removed.
	at org.apache.derby.iapi.error.StandardException.newException(Unknown Source)
	at org.apache.derby.iapi.error.StandardException.newException(Unknown Source)
	at org.apache.derby.iapi.services.monitor.Monitor.removePersistentService(Unknown Source)
	at org.apache.derby.impl.jdbc.EmbedConnection$6.run(Unknown Source)
	at java.base/java.security.AccessController.doPrivileged(AccessController.java:551)
	at org.apache.derby.impl.jdbc.EmbedConnection.removePersistentService(Unknown Source)
	at org.apache.derby.impl.jdbc.EmbedConnection.<init>(Unknown Source)
	at org.apache.derby.jdbc.InternalDriver$1.run(Unknown Source)
	at org.apache.derby.jdbc.InternalDriver$1.run(Unknown Source)
	at java.base/java.security.AccessController.doPrivileged(AccessController.java:551)
	at org.apache.derby.jdbc.InternalDriver.getNewEmbedConnection(Unknown Source)
	at org.apache.derby.jdbc.InternalDriver$LoginCallable.call(Unknown Source)
	at org.apache.derby.jdbc.InternalDriver$LoginCallable.call(Unknown Source)
	at java.base/java.util.concurrent.FutureTask.run(FutureTask.java:264)
	at java.base/java.util.concurrent.ThreadPoolExecutor.runWorker(ThreadPoolExecutor.java:1128)
	at java.base/java.util.concurrent.ThreadPoolExecutor$Worker.run(ThreadPoolExecutor.java:628)
	at java.base/java.lang.Thread.run(Thread.java:835)
Cleanup action completed
Mon May 18 19:55:42 BRT 2020 Thread[Thread-203,5,main] Cleanup action starting
ERROR XBM0I: Directory db183263 cannot be removed.
	at org.apache.derby.iapi.error.StandardException.newException(Unknown Source)
	at org.apache.derby.iapi.error.StandardException.newException(Unknown Source)
	at org.apache.derby.iapi.services.monitor.Monitor.removePersistentService(Unknown Source)
	at org.apache.derby.impl.jdbc.EmbedConnection$6.run(Unknown Source)
	at java.base/java.security.AccessController.doPrivileged(AccessController.java:551)
	at org.apache.derby.impl.jdbc.EmbedConnection.removePersistentService(Unknown Source)
	at org.apache.derby.impl.jdbc.EmbedConnection.<init>(Unknown Source)
	at org.apache.derby.jdbc.InternalDriver$1.run(Unknown Source)
	at org.apache.derby.jdbc.InternalDriver$1.run(Unknown Source)
	at java.base/java.security.AccessController.doPrivileged(AccessController.java:551)
	at org.apache.derby.jdbc.InternalDriver.getNewEmbedConnection(Unknown Source)
	at org.apache.derby.jdbc.InternalDriver$LoginCallable.call(Unknown Source)
	at org.apache.derby.jdbc.InternalDriver$LoginCallable.call(Unknown Source)
	at java.base/java.util.concurrent.FutureTask.run(FutureTask.java:264)
	at java.base/java.util.concurrent.ThreadPoolExecutor.runWorker(ThreadPoolExecutor.java:1128)
	at java.base/java.util.concurrent.ThreadPoolExecutor$Worker.run(ThreadPoolExecutor.java:628)
	at java.base/java.lang.Thread.run(Thread.java:835)
Cleanup action completed
----------------------------------------------------------------
Mon May 18 19:55:43 BRT 2020:
Booting Derby version The Apache Software Foundation - Apache Derby - 10.14.2.0 - (1828579): instance 597e80e5-0172-29ef-bbad-000002993cd8 
on database directory E:\2020\5º Semestre\Matérias\Programação Orientada a Objeto II\LAB\03 - Atividade Continuada\Atividade-Continuada-02\Atividade3_Sergio_Vicente-183263\atividade_03\db183263 with class loader jdk.internal.loader.ClassLoaders$AppClassLoader@2626b418 
Loaded from file:/C:/Users/JHIBIY/.m2/repository/org/apache/derby/derby/10.14.2.0/derby-10.14.2.0.jar
java.vendor=Oracle Corporation
java.runtime.version=12.0.1+12
user.dir=e:\2020\5º Semestre\Matérias\Programação Orientada a Objeto II\LAB\03 - Atividade Continuada\Atividade-Continuada-02\Atividade3_Sergio_Vicente-183263\atividade_03
os.name=Windows 10
os.arch=amd64
os.version=10.0
derby.system.home=null
Database Class Loader started - derby.database.classpath=''
